<?xml version="1.0" encoding="utf-8"?><testsuites name="pytest tests"><testsuite name="pytest" errors="0" failures="0" skipped="0" tests="20" time="2.808" timestamp="2026-02-19T04:12:14.581364+00:00" hostname="agent-env-da400368-1d96-477e-859c-7d628735b8a7"><testcase classname="tests.test_admin_account_module.TestAdminRolesAPI" name="test_get_roles_returns_4_default_roles" time="0.274" /><testcase classname="tests.test_admin_account_module.TestAdminRolesAPI" name="test_super_admin_has_max_3_users" time="0.139" /><testcase classname="tests.test_admin_account_module.TestAdminRolesAPI" name="test_roles_have_descriptions" time="0.143" /><testcase classname="tests.test_admin_account_module.TestAdminFeaturesAPI" name="test_get_features_returns_8_platform_features" time="0.125" /><testcase classname="tests.test_admin_account_module.TestAdminPermissionMatrixAPI" name="test_get_permission_matrix_returns_full_matrix" time="0.114" /><testcase classname="tests.test_admin_account_module.TestAdminPermissionMatrixAPI" name="test_permission_matrix_has_rwd_indicators" time="0.140" /><testcase classname="tests.test_admin_account_module.TestAdminUsersAPI" name="test_get_users_returns_user_list" time="0.144" /><testcase classname="tests.test_admin_account_module.TestAdminAuditLogAPI" name="test_get_audit_logs_returns_logs" time="0.116" /><testcase classname="tests.test_admin_account_module.TestAdminAuditLogAPI" name="test_audit_logs_have_user_info" time="0.109" /><testcase classname="tests.test_admin_account_module.TestAdminAssignRoleAPI" name="test_assign_role_requires_email_and_role" time="0.126" /><testcase classname="tests.test_admin_account_module.TestAccountProfileAPI" name="test_get_profile_returns_user_info" time="0.116" /><testcase classname="tests.test_admin_account_module.TestAccountProfileAPI" name="test_profile_includes_role_details" time="0.111" /><testcase classname="tests.test_admin_account_module.TestAccountProfileAPI" name="test_update_profile_works" time="0.130" /><testcase classname="tests.test_admin_account_module.TestAccountSubscriptionAPI" name="test_get_subscription_returns_current_plan" time="0.108" /><testcase classname="tests.test_admin_account_module.TestAccountSubscriptionAPI" name="test_get_plans_returns_4_plans_with_razorpay_placeholders" time="0.102" /><testcase classname="tests.test_admin_account_module.TestAccountSubscriptionAPI" name="test_upgrade_subscription_is_mocked" time="0.118" /><testcase classname="tests.test_admin_account_module.TestAccountSubscriptionAPI" name="test_cancel_subscription_is_mocked" time="0.111" /><testcase classname="tests.test_admin_account_module.TestAccountBillingAPI" name="test_get_transactions_returns_history" time="0.113" /><testcase classname="tests.test_admin_account_module.TestAccountSecurityAPI" name="test_change_password_disabled_for_oauth" time="0.116" /><testcase classname="tests.test_admin_account_module.TestAdminAccessControl" name="test_non_admin_cannot_access_admin_apis" time="0.131" /></testsuite></testsuites>