<?xml version="1.0" encoding="utf-8"?><testsuites name="pytest tests"><testsuite name="pytest" errors="0" failures="0" skipped="0" tests="8" time="3.417" timestamp="2026-04-24T13:46:03.625029+00:00" hostname="agent-env-d72051f5-149b-449a-b27a-643ccb5149db"><testcase classname="backend.tests.test_admin_access_restriction.TestAdminLogin" name="test_admin_login_role_admin_succeeds" time="0.615" /><testcase classname="backend.tests.test_admin_access_restriction.TestAdminLogin" name="test_non_admin_login_role_admin_rejected" time="0.352" /><testcase classname="backend.tests.test_admin_access_restriction.TestAdminLogin" name="test_non_admin_login_existing_user_succeeds" time="0.387" /><testcase classname="backend.tests.test_admin_access_restriction.TestAuthMe" name="test_me_admin_is_admin_true" time="0.389" /><testcase classname="backend.tests.test_admin_access_restriction.TestAuthMe" name="test_me_regular_is_admin_false" time="0.391" /><testcase classname="backend.tests.test_admin_access_restriction.TestAdminUsersEndpoint" name="test_admin_can_list_users" time="0.411" /><testcase classname="backend.tests.test_admin_access_restriction.TestAdminUsersEndpoint" name="test_regular_cannot_list_users" time="0.421" /><testcase classname="backend.tests.test_admin_access_restriction.TestAccountProfile" name="test_admin_can_access_profile" time="0.388" /></testsuite></testsuites>