<?xml version="1.0" encoding="utf-8"?><testsuites name="pytest tests"><testsuite name="pytest" errors="0" failures="0" skipped="0" tests="14" time="63.922" timestamp="2026-02-18T12:43:53.846587+00:00" hostname="agent-env-da400368-1d96-477e-859c-7d628735b8a7"><testcase classname="backend.tests.test_assessment_module.TestHealthCheck" name="test_health_endpoint" time="0.265" /><testcase classname="backend.tests.test_assessment_module.TestAssessmentCalculate" name="test_calculate_assessment_success" time="7.436" /><testcase classname="backend.tests.test_assessment_module.TestAssessmentCalculate" name="test_calculate_assessment_sme_board" time="4.824" /><testcase classname="backend.tests.test_assessment_module.TestAssessmentCalculate" name="test_calculate_assessment_lacs_unit" time="5.024" /><testcase classname="backend.tests.test_assessment_module.TestAssessmentCalculate" name="test_calculate_assessment_ofs_issue_type" time="5.571" /><testcase classname="backend.tests.test_assessment_module.TestAssessmentHistory" name="test_get_assessment_history" time="0.066" /><testcase classname="backend.tests.test_assessment_module.TestAssessmentDetail" name="test_get_assessment_detail" time="4.899" /><testcase classname="backend.tests.test_assessment_module.TestAssessmentDetail" name="test_get_nonexistent_assessment" time="0.073" /><testcase classname="backend.tests.test_assessment_module.TestCalculatorFormulas" name="test_pe_valuation_formula" time="5.662" /><testcase classname="backend.tests.test_assessment_module.TestCalculatorFormulas" name="test_fcfe_formula" time="5.644" /><testcase classname="backend.tests.test_assessment_module.TestCalculatorFormulas" name="test_issue_size_formula" time="5.904" /><testcase classname="backend.tests.test_assessment_module.TestSEBIEligibility" name="test_mainboard_eligibility_criteria" time="5.516" /><testcase classname="backend.tests.test_assessment_module.TestSEBIEligibility" name="test_sme_eligibility_criteria" time="7.376" /><testcase classname="backend.tests.test_assessment_module.TestReadinessScore" name="test_readiness_score_range" time="5.547" /></testsuite></testsuites>