<?xml version="1.0" encoding="utf-8"?><testsuites name="pytest tests"><testsuite name="pytest" errors="0" failures="0" skipped="0" tests="9" time="2.955" timestamp="2026-03-21T06:22:38.122303+00:00" hostname="agent-env-5a900a21-855d-4d79-b149-aaff13929105"><testcase classname="backend.tests.test_drhp_import.TestDRHPImportAPI" name="test_auth_works" time="0.570" /><testcase classname="backend.tests.test_drhp_import.TestDRHPImportAPI" name="test_import_docx_sme" time="0.297" /><testcase classname="backend.tests.test_drhp_import.TestDRHPImportAPI" name="test_import_docx_mainboard" time="0.272" /><testcase classname="backend.tests.test_drhp_import.TestDRHPImportAPI" name="test_content_saved_to_database" time="0.364" /><testcase classname="backend.tests.test_drhp_import.TestDRHPImportAPI" name="test_reject_non_docx_file" time="0.118" /><testcase classname="backend.tests.test_drhp_import.TestDRHPImportAPI" name="test_reject_pdf_file" time="0.110" /><testcase classname="backend.tests.test_drhp_import.TestDRHPImportAPI" name="test_tables_preserved" time="0.279" /><testcase classname="backend.tests.test_drhp_import.TestDRHPImportAPI" name="test_text_formatting_preserved" time="0.311" /><testcase classname="backend.tests.test_drhp_import.TestDRHPImportAPI" name="test_headings_preserved" time="0.567" /></testsuite></testsuites>