<?xml version="1.0" encoding="utf-8"?><testsuites name="pytest tests"><testsuite name="pytest" errors="0" failures="0" skipped="0" tests="16" time="2.794" timestamp="2026-04-03T12:23:13.991879+00:00" hostname="agent-env-5a900a21-855d-4d79-b149-aaff13929105"><testcase classname="backend.tests.test_drhp_export.TestDRHPExportEndpoint" name="test_export_accepts_docx_format" time="0.212" /><testcase classname="backend.tests.test_drhp_export.TestDRHPExportEndpoint" name="test_export_accepts_pdf_format" time="0.197" /><testcase classname="backend.tests.test_drhp_export.TestDRHPExportEndpoint" name="test_invalid_format_returns_400" time="0.155" /><testcase classname="backend.tests.test_drhp_export.TestDRHPExportEndpoint" name="test_word_export_returns_valid_file" time="0.145" /><testcase classname="backend.tests.test_drhp_export.TestDRHPExportEndpoint" name="test_word_export_preserves_headings" time="0.168" /><testcase classname="backend.tests.test_drhp_export.TestDRHPExportEndpoint" name="test_word_export_preserves_tables" time="0.163" /><testcase classname="backend.tests.test_drhp_export.TestDRHPExportEndpoint" name="test_word_export_preserves_bold_italic" time="0.155" /><testcase classname="backend.tests.test_drhp_export.TestDRHPExportEndpoint" name="test_pdf_export_returns_valid_file" time="0.202" /><testcase classname="backend.tests.test_drhp_export.TestDRHPExportEndpoint" name="test_pdf_export_includes_sebi_styles" time="0.193" /><testcase classname="backend.tests.test_drhp_export.TestDRHPExportEndpoint" name="test_export_uses_company_name_in_filename" time="0.258" /><testcase classname="backend.tests.test_drhp_export.TestDRHPExportEndpoint" name="test_export_falls_back_to_saved_content" time="0.234" /><testcase classname="backend.tests.test_drhp_export.TestDRHPExportEndpoint" name="test_export_no_content_returns_400" time="0.111" /><testcase classname="backend.tests.test_drhp_export.TestDRHPExportEndpoint" name="test_export_sme_board_type" time="0.137" /><testcase classname="backend.tests.test_drhp_export.TestDRHPExportEndpoint" name="test_export_mainboard_type" time="0.139" /><testcase classname="backend.tests.test_drhp_export.TestDRHPExportEndpoint" name="test_export_requires_authentication" time="0.100" /><testcase classname="backend.tests.test_drhp_export.TestDRHPExportEndpoint" name="test_export_content_length_header" time="0.145" /></testsuite></testsuites>