<?xml version="1.0" encoding="utf-8"?><testsuites name="pytest tests"><testsuite name="pytest" errors="0" failures="0" skipped="0" tests="26" time="49.113" timestamp="2026-04-03T12:54:23.359767+00:00" hostname="agent-env-5a900a21-855d-4d79-b149-aaff13929105"><testcase classname="backend.tests.test_drhp_sebi_document.TestDRHPDocumentImport" name="test_import_success" time="47.839" /><testcase classname="backend.tests.test_drhp_sebi_document.TestDRHPDocumentImport" name="test_html_content_generated" time="0.000" /><testcase classname="backend.tests.test_drhp_sebi_document.TestHyperlinkExtraction" name="test_hyperlinks_extracted" time="0.005" /><testcase classname="backend.tests.test_drhp_sebi_document.TestHyperlinkExtraction" name="test_mailto_links_preserved" time="0.005" /><testcase classname="backend.tests.test_drhp_sebi_document.TestHyperlinkExtraction" name="test_http_links_preserved" time="0.005" /><testcase classname="backend.tests.test_drhp_sebi_document.TestHyperlinkExtraction" name="test_bookmark_links_preserved" time="0.005" /><testcase classname="backend.tests.test_drhp_sebi_document.TestHyperlinkExtraction" name="test_hyperlink_class_applied" time="0.003" /><testcase classname="backend.tests.test_drhp_sebi_document.TestTablePreservation" name="test_tables_present" time="0.002" /><testcase classname="backend.tests.test_drhp_sebi_document.TestTablePreservation" name="test_table_width_100_percent" time="0.000" /><testcase classname="backend.tests.test_drhp_sebi_document.TestTablePreservation" name="test_table_layout_fixed" time="0.000" /><testcase classname="backend.tests.test_drhp_sebi_document.TestTablePreservation" name="test_table_max_width" time="0.000" /><testcase classname="backend.tests.test_drhp_sebi_document.TestTablePreservation" name="test_table_word_wrap" time="0.000" /><testcase classname="backend.tests.test_drhp_sebi_document.TestTablePreservation" name="test_table_structure" time="0.008" /><testcase classname="backend.tests.test_drhp_sebi_document.TestFontAndStyling" name="test_font_size_10pt" time="0.000" /><testcase classname="backend.tests.test_drhp_sebi_document.TestFontAndStyling" name="test_times_new_roman_font" time="0.000" /><testcase classname="backend.tests.test_drhp_sebi_document.TestFontAndStyling" name="test_body_text_style" time="0.000" /><testcase classname="backend.tests.test_drhp_sebi_document.TestFontAndStyling" name="test_list_paragraph_style" time="0.000" /><testcase classname="backend.tests.test_drhp_sebi_document.TestFontAndStyling" name="test_heading_styles" time="0.007" /><testcase classname="backend.tests.test_drhp_sebi_document.TestImageHandling" name="test_images_extracted" time="0.000" /><testcase classname="backend.tests.test_drhp_sebi_document.TestImageHandling" name="test_images_have_urls" time="0.000" /><testcase classname="backend.tests.test_drhp_sebi_document.TestDocumentStructure" name="test_document_wrapper" time="0.004" /><testcase classname="backend.tests.test_drhp_sebi_document.TestDocumentStructure" name="test_css_styles_included" time="0.000" /><testcase classname="backend.tests.test_drhp_sebi_document.TestDocumentStructure" name="test_no_overflow_styles" time="0.000" /><testcase classname="backend.tests.test_drhp_sebi_document.TestDocumentStructure" name="test_warnings_returned" time="0.000" /><testcase classname="backend.tests.test_drhp_sebi_document.TestDatabasePersistence" name="test_content_saved" time="0.445" /><testcase classname="backend.tests.test_drhp_sebi_document.TestDatabasePersistence" name="test_import_info_saved" time="0.698" /></testsuite></testsuites>