<?xml version="1.0" encoding="utf-8"?><testsuites name="pytest tests"><testsuite name="pytest" errors="0" failures="0" skipped="0" tests="20" time="4.735" timestamp="2026-04-03T12:15:43.334744+00:00" hostname="agent-env-5a900a21-855d-4d79-b149-aaff13929105"><testcase classname="tests.test_drhp_import.TestDRHPImportAPI" name="test_auth_works" time="0.497" /><testcase classname="tests.test_drhp_import.TestDRHPImportAPI" name="test_import_docx_sme" time="0.160" /><testcase classname="tests.test_drhp_import.TestDRHPImportAPI" name="test_import_docx_mainboard" time="0.161" /><testcase classname="tests.test_drhp_import.TestDRHPImportAPI" name="test_content_saved_to_database" time="0.197" /><testcase classname="tests.test_drhp_import.TestDRHPImportAPI" name="test_reject_non_docx_file" time="0.110" /><testcase classname="tests.test_drhp_import.TestDRHPImportAPI" name="test_reject_pdf_file" time="0.118" /><testcase classname="tests.test_drhp_import.TestDRHPImportAPI" name="test_tables_preserved" time="0.165" /><testcase classname="tests.test_drhp_import.TestDRHPImportAPI" name="test_text_formatting_preserved" time="0.160" /><testcase classname="tests.test_drhp_import.TestDRHPImportAPI" name="test_headings_preserved" time="0.544" /><testcase classname="tests.test_drhp_sebi_formatting.TestSEBIFormattingPreservation" name="test_sebi_css_styles_included" time="0.522" /><testcase classname="tests.test_drhp_sebi_formatting.TestSEBIFormattingPreservation" name="test_paragraph_alignment_preserved" time="0.174" /><testcase classname="tests.test_drhp_sebi_formatting.TestSEBIFormattingPreservation" name="test_indentation_preserved" time="0.167" /><testcase classname="tests.test_drhp_sebi_formatting.TestSEBIFormattingPreservation" name="test_numbered_lists_hierarchy" time="0.161" /><testcase classname="tests.test_drhp_sebi_formatting.TestSEBIFormattingPreservation" name="test_tables_with_drhp_class" time="0.161" /><testcase classname="tests.test_drhp_sebi_formatting.TestSEBIFormattingPreservation" name="test_bold_italic_underline_preserved" time="0.146" /><testcase classname="tests.test_drhp_sebi_formatting.TestSEBIFormattingPreservation" name="test_images_array_in_response" time="0.152" /><testcase classname="tests.test_drhp_sebi_formatting.TestSEBIFormattingPreservation" name="test_parser_type_in_import_info" time="0.240" /><testcase classname="tests.test_drhp_sebi_formatting.TestSEBIFormattingPreservation" name="test_warnings_returned" time="0.191" /><testcase classname="tests.test_drhp_sebi_formatting.TestDRHPImageEndpoint" name="test_image_endpoint_exists" time="0.101" /><testcase classname="tests.test_drhp_sebi_formatting.TestDRHPImageEndpoint" name="test_image_endpoint_invalid_id" time="0.504" /></testsuite></testsuites>