<?xml version="1.0" encoding="utf-8"?><testsuites name="pytest tests"><testsuite name="pytest" errors="0" failures="0" skipped="0" tests="11" time="2.932" timestamp="2026-04-03T12:15:36.307138+00:00" hostname="agent-env-5a900a21-855d-4d79-b149-aaff13929105"><testcase classname="tests.test_drhp_sebi_formatting.TestSEBIFormattingPreservation" name="test_sebi_css_styles_included" time="0.795" /><testcase classname="tests.test_drhp_sebi_formatting.TestSEBIFormattingPreservation" name="test_paragraph_alignment_preserved" time="0.203" /><testcase classname="tests.test_drhp_sebi_formatting.TestSEBIFormattingPreservation" name="test_indentation_preserved" time="0.203" /><testcase classname="tests.test_drhp_sebi_formatting.TestSEBIFormattingPreservation" name="test_numbered_lists_hierarchy" time="0.152" /><testcase classname="tests.test_drhp_sebi_formatting.TestSEBIFormattingPreservation" name="test_tables_with_drhp_class" time="0.150" /><testcase classname="tests.test_drhp_sebi_formatting.TestSEBIFormattingPreservation" name="test_bold_italic_underline_preserved" time="0.158" /><testcase classname="tests.test_drhp_sebi_formatting.TestSEBIFormattingPreservation" name="test_images_array_in_response" time="0.153" /><testcase classname="tests.test_drhp_sebi_formatting.TestSEBIFormattingPreservation" name="test_parser_type_in_import_info" time="0.200" /><testcase classname="tests.test_drhp_sebi_formatting.TestSEBIFormattingPreservation" name="test_warnings_returned" time="0.150" /><testcase classname="tests.test_drhp_sebi_formatting.TestDRHPImageEndpoint" name="test_image_endpoint_exists" time="0.121" /><testcase classname="tests.test_drhp_sebi_formatting.TestDRHPImageEndpoint" name="test_image_endpoint_invalid_id" time="0.520" /></testsuite></testsuites>