<?xml version="1.0" encoding="utf-8"?><testsuites name="pytest tests"><testsuite name="pytest" errors="0" failures="0" skipped="0" tests="13" time="3.816" timestamp="2026-03-21T06:46:40.655859+00:00" hostname="agent-env-5a900a21-855d-4d79-b149-aaff13929105"><testcase classname="backend.tests.test_drhp_upload.TestAuthentication" name="test_auth_required_for_import" time="0.620" /><testcase classname="backend.tests.test_drhp_upload.TestAuthentication" name="test_valid_auth_accepted" time="0.113" /><testcase classname="backend.tests.test_drhp_upload.TestFileValidation" name="test_reject_txt_file" time="0.118" /><testcase classname="backend.tests.test_drhp_upload.TestFileValidation" name="test_reject_pdf_file" time="0.134" /><testcase classname="backend.tests.test_drhp_upload.TestFileValidation" name="test_reject_doc_file" time="0.103" /><testcase classname="backend.tests.test_drhp_upload.TestFileValidation" name="test_accept_docx_file" time="0.295" /><testcase classname="backend.tests.test_drhp_upload.TestFormattingPreservation" name="test_bold_italic_underline_preserved" time="0.330" /><testcase classname="backend.tests.test_drhp_upload.TestFormattingPreservation" name="test_headings_preserved" time="0.301" /><testcase classname="backend.tests.test_drhp_upload.TestFormattingPreservation" name="test_tables_preserved" time="0.277" /><testcase classname="backend.tests.test_drhp_upload.TestBoardTypeSelection" name="test_import_to_sme_board" time="0.268" /><testcase classname="backend.tests.test_drhp_upload.TestBoardTypeSelection" name="test_import_to_mainboard" time="0.263" /><testcase classname="backend.tests.test_drhp_upload.TestResponseStructure" name="test_success_response_structure" time="0.303" /><testcase classname="backend.tests.test_drhp_upload.TestMultiPageDocuments" name="test_multi_page_document_import" time="0.584" /></testsuite></testsuites>