<?xml version="1.0" encoding="utf-8"?><testsuites name="pytest tests"><testsuite name="pytest" errors="0" failures="2" skipped="0" tests="9" time="2.391" timestamp="2026-04-03T12:14:09.605407+00:00" hostname="agent-env-5a900a21-855d-4d79-b149-aaff13929105"><testcase classname="tests.test_drhp_import.TestDRHPImportAPI" name="test_auth_works" time="0.522" /><testcase classname="tests.test_drhp_import.TestDRHPImportAPI" name="test_import_docx_sme" time="0.235"><failure message="assert '&lt;h1&gt;' in '&lt;style&gt;\n.drhp-document {\n    font-family: \'Times New Roman\', Times, serif;\n    font-size: 12pt;\n    line-height: 1.5;\n    color: #000;\n}\n\n/* Title and Headings */\n.drhp-title {\n    font-size: 18pt;\n    font-weight: bold;\n    text-align: center;\n    margin: 24px 0 16px 0;\n    text-transform: uppercase;\n}\n.drhp-h1, .drhp-section {\n    font-size: 16pt;\n    font-weight: bold;\n    margin: 20px 0 12px 0;\n    page-break-after: avoid;\n}\n.drhp-h2, .drhp-subsection {\n    font-size: 14pt;\n    font-weight: bold;\n    margin: 16px 0 10px 0;\n    page-break-after: avoid;\n}\n.drhp-h3 { font-size: 13pt; font-weight: bold; margin: 14px 0 8px 0; }\n.drhp-h4 { font-size: 12pt; font-weight: bold; margin: 12px 0 6px 0; }\n.drhp-h5 { font-size: 11pt; font-weight: bold; margin: 10px 0 4px 0; }\n.drhp-h6 { font-size: 10pt; font-weight: bold; margin: 8px 0 4px 0; }\n\n/* SEBI Specific Clause Styles */\n.drhp-clause {\n    margin: 8px 0;\n    text-align: justify;\n}\n.drhp-sub-clause {\n    margin: 6px 0 6px 36px;\n    text-align: justify;\n}\n.drhp-para {\n    margin: 8px 0;\n    text-align: justify;\n}\n\n/* Legal and Risk Styles */\n.drhp-legal {\n    font-style: italic;\n  ...ter { margin-left: auto; margin-right: auto; }\n.drhp-image-caption {\n    font-size: 10pt;\n    text-align: center;\n    color: #666;\n    margin-top: 4px;\n}\n\n/* Hyperlink Styles */\n.drhp-link {\n    color: #1DA1F2;\n    text-decoration: underline;\n}\n.drhp-bookmark {\n    color: inherit;\n    text-decoration: none;\n}\n\n/* Page Break */\n.drhp-page-break {\n    page-break-before: always;\n    border-top: 2px dashed #ccc;\n    margin: 30px 0;\n    height: 0;\n}\n\n/* Spacing Preservation */\n.drhp-space-before { margin-top: var(--space-before, 0); }\n.drhp-space-after { margin-bottom: var(--space-after, 0); }\n&lt;/style&gt;\n&lt;div class=&quot;drhp-document&quot;&gt;\n&lt;h1 class=&quot;drhp-h1&quot; style=&quot;text-align: center; margin-top: 31.991999999999997px&quot;&gt;Test DRHP Document&lt;/h1&gt;\n&lt;p class=&quot;drhp-normal&quot;&gt;&lt;strong&gt;Bold text&lt;/strong&gt; and &lt;em&gt;italic text&lt;/em&gt;&lt;/p&gt;\n&lt;h2 class=&quot;drhp-h2&quot; style=&quot;margin-top: 13.33px&quot;&gt;Section 1&lt;/h2&gt;\n&lt;p class=&quot;drhp-normal&quot;&gt;Test paragraph content.&lt;/p&gt;\n&lt;table class=&quot;drhp-table&quot;&gt;\n&lt;tr&gt;\n&lt;th&gt;Header 1&lt;/th&gt;\n&lt;th&gt;Header 2&lt;/th&gt;\n&lt;/tr&gt;\n&lt;tr&gt;\n&lt;td&gt;Data 1&lt;/td&gt;\n&lt;td&gt;Data 2&lt;/td&gt;\n&lt;/tr&gt;\n&lt;/table&gt;\n&lt;p class=&quot;drhp-list-bullet&quot;&gt;List item 1&lt;/p&gt;\n&lt;p class=&quot;drhp-list-bullet&quot;&gt;List item 2&lt;/p&gt;\n&lt;/div&gt;'">tests/test_drhp_import.py:179: in test_import_docx_sme
    assert "&lt;h1&gt;" in html  # Title
    ^^^^^^^^^^^^^^^^^^^^^
E   assert '&lt;h1&gt;' in '&lt;style&gt;\n.drhp-document {\n    font-family: \'Times New Roman\', Times, serif;\n    font-size: 12pt;\n    line-height: 1.5;\n    color: #000;\n}\n\n/* Title and Headings */\n.drhp-title {\n    font-size: 18pt;\n    font-weight: bold;\n    text-align: center;\n    margin: 24px 0 16px 0;\n    text-transform: uppercase;\n}\n.drhp-h1, .drhp-section {\n    font-size: 16pt;\n    font-weight: bold;\n    margin: 20px 0 12px 0;\n    page-break-after: avoid;\n}\n.drhp-h2, .drhp-subsection {\n    font-size: 14pt;\n    font-weight: bold;\n    margin: 16px 0 10px 0;\n    page-break-after: avoid;\n}\n.drhp-h3 { font-size: 13pt; font-weight: bold; margin: 14px 0 8px 0; }\n.drhp-h4 { font-size: 12pt; font-weight: bold; margin: 12px 0 6px 0; }\n.drhp-h5 { font-size: 11pt; font-weight: bold; margin: 10px 0 4px 0; }\n.drhp-h6 { font-size: 10pt; font-weight: bold; margin: 8px 0 4px 0; }\n\n/* SEBI Specific Clause Styles */\n.drhp-clause {\n    margin: 8px 0;\n    text-align: justify;\n}\n.drhp-sub-clause {\n    margin: 6px 0 6px 36px;\n    text-align: justify;\n}\n.drhp-para {\n    margin: 8px 0;\n    text-align: justify;\n}\n\n/* Legal and Risk Styles */\n.drhp-legal {\n    font-style: italic;\n  ...ter { margin-left: auto; margin-right: auto; }\n.drhp-image-caption {\n    font-size: 10pt;\n    text-align: center;\n    color: #666;\n    margin-top: 4px;\n}\n\n/* Hyperlink Styles */\n.drhp-link {\n    color: #1DA1F2;\n    text-decoration: underline;\n}\n.drhp-bookmark {\n    color: inherit;\n    text-decoration: none;\n}\n\n/* Page Break */\n.drhp-page-break {\n    page-break-before: always;\n    border-top: 2px dashed #ccc;\n    margin: 30px 0;\n    height: 0;\n}\n\n/* Spacing Preservation */\n.drhp-space-before { margin-top: var(--space-before, 0); }\n.drhp-space-after { margin-bottom: var(--space-after, 0); }\n&lt;/style&gt;\n&lt;div class="drhp-document"&gt;\n&lt;h1 class="drhp-h1" style="text-align: center; margin-top: 31.991999999999997px"&gt;Test DRHP Document&lt;/h1&gt;\n&lt;p class="drhp-normal"&gt;&lt;strong&gt;Bold text&lt;/strong&gt; and &lt;em&gt;italic text&lt;/em&gt;&lt;/p&gt;\n&lt;h2 class="drhp-h2" style="margin-top: 13.33px"&gt;Section 1&lt;/h2&gt;\n&lt;p class="drhp-normal"&gt;Test paragraph content.&lt;/p&gt;\n&lt;table class="drhp-table"&gt;\n&lt;tr&gt;\n&lt;th&gt;Header 1&lt;/th&gt;\n&lt;th&gt;Header 2&lt;/th&gt;\n&lt;/tr&gt;\n&lt;tr&gt;\n&lt;td&gt;Data 1&lt;/td&gt;\n&lt;td&gt;Data 2&lt;/td&gt;\n&lt;/tr&gt;\n&lt;/table&gt;\n&lt;p class="drhp-list-bullet"&gt;List item 1&lt;/p&gt;\n&lt;p class="drhp-list-bullet"&gt;List item 2&lt;/p&gt;\n&lt;/div&gt;'</failure></testcase><testcase classname="tests.test_drhp_import.TestDRHPImportAPI" name="test_import_docx_mainboard" time="0.196" /><testcase classname="tests.test_drhp_import.TestDRHPImportAPI" name="test_content_saved_to_database" time="0.244" /><testcase classname="tests.test_drhp_import.TestDRHPImportAPI" name="test_reject_non_docx_file" time="0.152" /><testcase classname="tests.test_drhp_import.TestDRHPImportAPI" name="test_reject_pdf_file" time="0.101" /><testcase classname="tests.test_drhp_import.TestDRHPImportAPI" name="test_tables_preserved" time="0.164" /><testcase classname="tests.test_drhp_import.TestDRHPImportAPI" name="test_text_formatting_preserved" time="0.177" /><testcase classname="tests.test_drhp_import.TestDRHPImportAPI" name="test_headings_preserved" time="0.518"><failure message="assert '&lt;h1&gt;' in '&lt;style&gt;\n.drhp-document {\n    font-family: \'Times New Roman\', Times, serif;\n    font-size: 12pt;\n    line-height: 1.5;\n    color: #000;\n}\n\n/* Title and Headings */\n.drhp-title {\n    font-size: 18pt;\n    font-weight: bold;\n    text-align: center;\n    margin: 24px 0 16px 0;\n    text-transform: uppercase;\n}\n.drhp-h1, .drhp-section {\n    font-size: 16pt;\n    font-weight: bold;\n    margin: 20px 0 12px 0;\n    page-break-after: avoid;\n}\n.drhp-h2, .drhp-subsection {\n    font-size: 14pt;\n    font-weight: bold;\n    margin: 16px 0 10px 0;\n    page-break-after: avoid;\n}\n.drhp-h3 { font-size: 13pt; font-weight: bold; margin: 14px 0 8px 0; }\n.drhp-h4 { font-size: 12pt; font-weight: bold; margin: 12px 0 6px 0; }\n.drhp-h5 { font-size: 11pt; font-weight: bold; margin: 10px 0 4px 0; }\n.drhp-h6 { font-size: 10pt; font-weight: bold; margin: 8px 0 4px 0; }\n\n/* SEBI Specific Clause Styles */\n.drhp-clause {\n    margin: 8px 0;\n    text-align: justify;\n}\n.drhp-sub-clause {\n    margin: 6px 0 6px 36px;\n    text-align: justify;\n}\n.drhp-para {\n    margin: 8px 0;\n    text-align: justify;\n}\n\n/* Legal and Risk Styles */\n.drhp-legal {\n    font-style: italic;\n  ...ter { margin-left: auto; margin-right: auto; }\n.drhp-image-caption {\n    font-size: 10pt;\n    text-align: center;\n    color: #666;\n    margin-top: 4px;\n}\n\n/* Hyperlink Styles */\n.drhp-link {\n    color: #1DA1F2;\n    text-decoration: underline;\n}\n.drhp-bookmark {\n    color: inherit;\n    text-decoration: none;\n}\n\n/* Page Break */\n.drhp-page-break {\n    page-break-before: always;\n    border-top: 2px dashed #ccc;\n    margin: 30px 0;\n    height: 0;\n}\n\n/* Spacing Preservation */\n.drhp-space-before { margin-top: var(--space-before, 0); }\n.drhp-space-after { margin-bottom: var(--space-after, 0); }\n&lt;/style&gt;\n&lt;div class=&quot;drhp-document&quot;&gt;\n&lt;h1 class=&quot;drhp-h1&quot; style=&quot;text-align: center; margin-top: 31.991999999999997px&quot;&gt;Test DRHP Document&lt;/h1&gt;\n&lt;p class=&quot;drhp-normal&quot;&gt;&lt;strong&gt;Bold text&lt;/strong&gt; and &lt;em&gt;italic text&lt;/em&gt;&lt;/p&gt;\n&lt;h2 class=&quot;drhp-h2&quot; style=&quot;margin-top: 13.33px&quot;&gt;Section 1&lt;/h2&gt;\n&lt;p class=&quot;drhp-normal&quot;&gt;Test paragraph content.&lt;/p&gt;\n&lt;table class=&quot;drhp-table&quot;&gt;\n&lt;tr&gt;\n&lt;th&gt;Header 1&lt;/th&gt;\n&lt;th&gt;Header 2&lt;/th&gt;\n&lt;/tr&gt;\n&lt;tr&gt;\n&lt;td&gt;Data 1&lt;/td&gt;\n&lt;td&gt;Data 2&lt;/td&gt;\n&lt;/tr&gt;\n&lt;/table&gt;\n&lt;p class=&quot;drhp-list-bullet&quot;&gt;List item 1&lt;/p&gt;\n&lt;p class=&quot;drhp-list-bullet&quot;&gt;List item 2&lt;/p&gt;\n&lt;/div&gt;'">tests/test_drhp_import.py:340: in test_headings_preserved
    assert '&lt;h1&gt;' in html
E   assert '&lt;h1&gt;' in '&lt;style&gt;\n.drhp-document {\n    font-family: \'Times New Roman\', Times, serif;\n    font-size: 12pt;\n    line-height: 1.5;\n    color: #000;\n}\n\n/* Title and Headings */\n.drhp-title {\n    font-size: 18pt;\n    font-weight: bold;\n    text-align: center;\n    margin: 24px 0 16px 0;\n    text-transform: uppercase;\n}\n.drhp-h1, .drhp-section {\n    font-size: 16pt;\n    font-weight: bold;\n    margin: 20px 0 12px 0;\n    page-break-after: avoid;\n}\n.drhp-h2, .drhp-subsection {\n    font-size: 14pt;\n    font-weight: bold;\n    margin: 16px 0 10px 0;\n    page-break-after: avoid;\n}\n.drhp-h3 { font-size: 13pt; font-weight: bold; margin: 14px 0 8px 0; }\n.drhp-h4 { font-size: 12pt; font-weight: bold; margin: 12px 0 6px 0; }\n.drhp-h5 { font-size: 11pt; font-weight: bold; margin: 10px 0 4px 0; }\n.drhp-h6 { font-size: 10pt; font-weight: bold; margin: 8px 0 4px 0; }\n\n/* SEBI Specific Clause Styles */\n.drhp-clause {\n    margin: 8px 0;\n    text-align: justify;\n}\n.drhp-sub-clause {\n    margin: 6px 0 6px 36px;\n    text-align: justify;\n}\n.drhp-para {\n    margin: 8px 0;\n    text-align: justify;\n}\n\n/* Legal and Risk Styles */\n.drhp-legal {\n    font-style: italic;\n  ...ter { margin-left: auto; margin-right: auto; }\n.drhp-image-caption {\n    font-size: 10pt;\n    text-align: center;\n    color: #666;\n    margin-top: 4px;\n}\n\n/* Hyperlink Styles */\n.drhp-link {\n    color: #1DA1F2;\n    text-decoration: underline;\n}\n.drhp-bookmark {\n    color: inherit;\n    text-decoration: none;\n}\n\n/* Page Break */\n.drhp-page-break {\n    page-break-before: always;\n    border-top: 2px dashed #ccc;\n    margin: 30px 0;\n    height: 0;\n}\n\n/* Spacing Preservation */\n.drhp-space-before { margin-top: var(--space-before, 0); }\n.drhp-space-after { margin-bottom: var(--space-after, 0); }\n&lt;/style&gt;\n&lt;div class="drhp-document"&gt;\n&lt;h1 class="drhp-h1" style="text-align: center; margin-top: 31.991999999999997px"&gt;Test DRHP Document&lt;/h1&gt;\n&lt;p class="drhp-normal"&gt;&lt;strong&gt;Bold text&lt;/strong&gt; and &lt;em&gt;italic text&lt;/em&gt;&lt;/p&gt;\n&lt;h2 class="drhp-h2" style="margin-top: 13.33px"&gt;Section 1&lt;/h2&gt;\n&lt;p class="drhp-normal"&gt;Test paragraph content.&lt;/p&gt;\n&lt;table class="drhp-table"&gt;\n&lt;tr&gt;\n&lt;th&gt;Header 1&lt;/th&gt;\n&lt;th&gt;Header 2&lt;/th&gt;\n&lt;/tr&gt;\n&lt;tr&gt;\n&lt;td&gt;Data 1&lt;/td&gt;\n&lt;td&gt;Data 2&lt;/td&gt;\n&lt;/tr&gt;\n&lt;/table&gt;\n&lt;p class="drhp-list-bullet"&gt;List item 1&lt;/p&gt;\n&lt;p class="drhp-list-bullet"&gt;List item 2&lt;/p&gt;\n&lt;/div&gt;'</failure></testcase></testsuite></testsuites>