<?xml version="1.0" encoding="utf-8"?><testsuites name="pytest tests"><testsuite name="pytest" errors="0" failures="0" skipped="0" tests="29" time="13.049" timestamp="2026-02-18T07:13:52.230340+00:00" hostname="agent-env-da400368-1d96-477e-859c-7d628735b8a7"><testcase classname="backend.tests.test_funding_module.TestFundingPreIPOOptions" name="test_get_pre_ipo_options_returns_200" time="0.155" /><testcase classname="backend.tests.test_funding_module.TestFundingPreIPOOptions" name="test_get_pre_ipo_options_returns_6_options" time="0.099" /><testcase classname="backend.tests.test_funding_module.TestFundingPreIPOOptions" name="test_pre_ipo_options_have_required_fields" time="0.135" /><testcase classname="backend.tests.test_funding_module.TestFundingPreIPOOptions" name="test_pre_ipo_options_include_angel_seed" time="0.102" /><testcase classname="backend.tests.test_funding_module.TestFundingPreIPOOptions" name="test_pre_ipo_options_include_venture_capital" time="0.119" /><testcase classname="backend.tests.test_funding_module.TestFundingPostIPOOptions" name="test_get_post_ipo_options_returns_200" time="0.139" /><testcase classname="backend.tests.test_funding_module.TestFundingPostIPOOptions" name="test_get_post_ipo_options_returns_5_options" time="0.106" /><testcase classname="backend.tests.test_funding_module.TestFundingPostIPOOptions" name="test_post_ipo_options_have_required_fields" time="0.168" /><testcase classname="backend.tests.test_funding_module.TestFundingPostIPOOptions" name="test_post_ipo_options_include_fpo" time="0.106" /><testcase classname="backend.tests.test_funding_module.TestFundingPostIPOOptions" name="test_post_ipo_options_include_qip" time="0.099" /><testcase classname="backend.tests.test_funding_module.TestFundingPartners" name="test_get_partners_returns_200" time="0.112" /><testcase classname="backend.tests.test_funding_module.TestFundingPartners" name="test_get_partners_returns_4_categories" time="0.096" /><testcase classname="backend.tests.test_funding_module.TestFundingPartners" name="test_partners_include_kotak_mahindra" time="0.095" /><testcase classname="backend.tests.test_funding_module.TestFundingPartners" name="test_partners_include_icici_securities" time="0.105" /><testcase classname="backend.tests.test_funding_module.TestFundingPartners" name="test_partners_include_indian_angel_network" time="0.109" /><testcase classname="backend.tests.test_funding_module.TestFundingPartners" name="test_partners_include_sbi" time="0.096" /><testcase classname="backend.tests.test_funding_module.TestFundingPartners" name="test_partners_include_adia" time="0.151" /><testcase classname="backend.tests.test_funding_module.TestFundingQuiz" name="test_get_quiz_questions_pre_ipo_returns_200" time="0.115" /><testcase classname="backend.tests.test_funding_module.TestFundingQuiz" name="test_get_quiz_questions_post_ipo_returns_200" time="0.099" /><testcase classname="backend.tests.test_funding_module.TestFundingQuiz" name="test_quiz_questions_have_required_fields" time="0.096" /><testcase classname="backend.tests.test_funding_module.TestFundingQuiz" name="test_quiz_questions_options_have_score" time="0.102" /><testcase classname="backend.tests.test_funding_module.TestFundingAvailableSlots" name="test_get_available_slots_returns_200" time="0.113" /><testcase classname="backend.tests.test_funding_module.TestFundingAvailableSlots" name="test_available_slots_returns_slots_array" time="0.100" /><testcase classname="backend.tests.test_funding_module.TestFundingDisclaimerConsent" name="test_post_disclaimer_consent_returns_200" time="0.121" /><testcase classname="backend.tests.test_funding_module.TestFundingDisclaimerConsent" name="test_disclaimer_consent_returns_consent_id" time="0.103" /><testcase classname="backend.tests.test_funding_module.TestFundingAIFitment" name="test_post_ai_fitment_returns_200" time="6.555" /><testcase classname="backend.tests.test_funding_module.TestFundingAIFitment" name="test_ai_fitment_returns_probability_score" time="3.263" /><testcase classname="backend.tests.test_funding_module.TestFundingBookConsultation" name="test_post_book_consultation_returns_200" time="0.129" /><testcase classname="backend.tests.test_funding_module.TestFundingBookConsultation" name="test_book_consultation_returns_consultation_id" time="0.107" /></testsuite></testsuites>