<?xml version="1.0" encoding="utf-8"?><testsuites name="pytest tests"><testsuite name="pytest" errors="0" failures="0" skipped="0" tests="13" time="88.261" timestamp="2026-04-06T12:58:55.881284+00:00" hostname="agent-env-b936e797-4686-4109-8fc2-73f5a92de48e"><testcase classname="tests.test_governance_assessment.TestGovernanceScoringLogic" name="test_perfect_governance_score" time="8.862" /><testcase classname="tests.test_governance_assessment.TestGovernanceScoringLogic" name="test_zero_governance_score" time="6.860" /><testcase classname="tests.test_governance_assessment.TestGovernanceScoringLogic" name="test_partial_governance_score" time="6.778" /><testcase classname="tests.test_governance_assessment.TestGovernanceScoringLogic" name="test_empty_governance_compliance" time="6.185" /><testcase classname="tests.test_governance_assessment.TestGovernanceScoringLogic" name="test_missing_governance_compliance" time="9.376" /><testcase classname="tests.test_governance_assessment.TestBlendedReadinessScore" name="test_blended_score_calculation" time="6.841" /><testcase classname="tests.test_governance_assessment.TestBlendedReadinessScore" name="test_low_governance_downgrades_status" time="7.245" /><testcase classname="tests.test_governance_assessment.TestBlendedReadinessScore" name="test_moderate_governance_adds_warning" time="7.091" /><testcase classname="tests.test_governance_assessment.TestGovernanceResponseStructure" name="test_governance_in_response" time="6.779" /><testcase classname="tests.test_governance_assessment.TestGovernanceResponseStructure" name="test_readiness_includes_governance_score" time="7.572" /><testcase classname="tests.test_governance_assessment.TestGovernanceQuestionCount" name="test_55_questions_total" time="6.776" /><testcase classname="tests.test_governance_assessment.TestGovernanceQuestionCount" name="test_all_question_ids_valid" time="7.701" /><testcase classname="tests.test_governance_assessment.TestAuthRequired" name="test_assessment_requires_auth" time="0.118" /></testsuite></testsuites>