<?xml version="1.0" encoding="utf-8"?><testsuites name="pytest tests"><testsuite name="pytest" errors="0" failures="0" skipped="0" tests="15" time="1.944" timestamp="2026-03-09T11:54:56.505202+00:00" hostname="agent-env-2c6a5a86-bc05-4064-b6ac-dac0e544299c"><testcase classname="backend.tests.test_matchmaker_registration.TestMatchmakerCategories" name="test_get_categories" time="0.147" /><testcase classname="backend.tests.test_matchmaker_registration.TestMatchmakerCategories" name="test_get_cities" time="0.133" /><testcase classname="backend.tests.test_matchmaker_registration.TestMatchmakerCategories" name="test_get_expertise_tags" time="0.113" /><testcase classname="backend.tests.test_matchmaker_registration.TestBrowseAllProfessionals" name="test_browse_all_professionals_returns_list" time="0.157" /><testcase classname="backend.tests.test_matchmaker_registration.TestBrowseAllProfessionals" name="test_browse_all_with_category_filter" time="0.122" /><testcase classname="backend.tests.test_matchmaker_registration.TestBrowseAllProfessionals" name="test_browse_all_with_city_filter" time="0.100" /><testcase classname="backend.tests.test_matchmaker_registration.TestBrowseAllProfessionals" name="test_browse_all_pagination" time="0.114" /><testcase classname="backend.tests.test_matchmaker_registration.TestMatchmakerStatistics" name="test_get_statistics" time="0.104" /><testcase classname="backend.tests.test_matchmaker_registration.TestMasterAdminApproval" name="test_get_master_profile" time="0.118" /><testcase classname="backend.tests.test_matchmaker_registration.TestMasterAdminApproval" name="test_get_registration_stats" time="0.110" /><testcase classname="backend.tests.test_matchmaker_registration.TestMasterAdminApproval" name="test_get_pending_registrations" time="0.100" /><testcase classname="backend.tests.test_matchmaker_registration.TestMasterAdminApproval" name="test_non_admin_cannot_access_pending_registrations" time="0.117" /><testcase classname="backend.tests.test_matchmaker_registration.TestProfessionalSearch" name="test_search_professionals" time="0.146" /><testcase classname="backend.tests.test_matchmaker_registration.TestProfessionalSearch" name="test_search_with_experience_filter" time="0.105" /><testcase classname="backend.tests.test_matchmaker_registration.TestProfessionalSearch" name="test_search_verified_only" time="0.144" /></testsuite></testsuites>