<?xml version="1.0" encoding="utf-8"?><testsuites name="pytest tests"><testsuite name="pytest" errors="0" failures="0" skipped="0" tests="22" time="2.052" timestamp="2026-05-10T06:39:15.750064+00:00" hostname="agent-env-b13f55e7-3861-4106-90d4-68d3bd414390"><testcase classname="backend.tests.test_matchmaker_premium.TestPricing" name="test_pricing_math" time="0.407" /><testcase classname="backend.tests.test_matchmaker_premium.TestExpertiseCatalog" name="test_catalog_has_15_areas" time="0.047" /><testcase classname="backend.tests.test_matchmaker_premium.TestAuth" name="test_initiate_order_requires_auth" time="0.150" /><testcase classname="backend.tests.test_matchmaker_premium.TestAuth" name="test_my_data_requires_auth" time="0.135" /><testcase classname="backend.tests.test_matchmaker_premium.TestPaymentFlow" name="test_initiate_order_requires_expert_profile" time="0.047" /><testcase classname="backend.tests.test_matchmaker_premium.TestPaymentFlow" name="test_initiate_order_after_expert_registered" time="0.095" /><testcase classname="backend.tests.test_matchmaker_premium.TestPaymentFlow" name="test_verify_payment_marks_premium" time="0.094" /><testcase classname="backend.tests.test_matchmaker_premium.TestPaymentFlow" name="test_initiate_order_rejects_already_premium" time="0.046" /><testcase classname="backend.tests.test_matchmaker_premium.TestPaymentFlow" name="test_verify_payment_idempotent_rejects_duplicate" time="0.047" /><testcase classname="backend.tests.test_matchmaker_premium.TestSaveAdvancedData" name="test_missing_confidentiality_rejected" time="0.048" /><testcase classname="backend.tests.test_matchmaker_premium.TestSaveAdvancedData" name="test_missing_primary_identifier_rejected" time="0.045" /><testcase classname="backend.tests.test_matchmaker_premium.TestSaveAdvancedData" name="test_invalid_primary_area_rejected" time="0.045" /><testcase classname="backend.tests.test_matchmaker_premium.TestSaveAdvancedData" name="test_save_advanced_data_success_and_persists" time="0.092" /><testcase classname="backend.tests.test_matchmaker_premium.TestFileUpload" name="test_reject_invalid_extension" time="0.047" /><testcase classname="backend.tests.test_matchmaker_premium.TestFileUpload" name="test_reject_oversized_file" time="0.271" /><testcase classname="backend.tests.test_matchmaker_premium.TestFileUpload" name="test_upload_pdf_success" time="0.047" /><testcase classname="backend.tests.test_matchmaker_premium.TestFileUpload" name="test_uploaded_file_in_my_data" time="0.048" /><testcase classname="backend.tests.test_matchmaker_premium.TestFileUpload" name="test_gridfs_bucket_segregation" time="0.053" /><testcase classname="backend.tests.test_matchmaker_premium.TestFileUpload" name="test_soft_delete_file" time="0.102" /><testcase classname="backend.tests.test_matchmaker_premium.TestFileUpload" name="test_archive_collection_has_record" time="0.003" /><testcase classname="backend.tests.test_matchmaker_premium.TestFileUpload" name="test_delete_again_rejected" time="0.045" /><testcase classname="backend.tests.test_matchmaker_premium.TestAuditLog" name="test_audit_log_has_entries" time="0.051" /></testsuite></testsuites>