<?xml version="1.0" encoding="utf-8"?><testsuites name="pytest tests"><testsuite name="pytest" errors="0" failures="0" skipped="0" tests="20" time="6.608" timestamp="2026-04-17T13:21:03.648311+00:00" hostname="agent-env-ef201450-e8c2-457f-9b75-e9ba9d68bb23"><testcase classname="backend.tests.test_matchmaker_v2.TestHealthAndAuth" name="test_health_endpoint" time="0.202" /><testcase classname="backend.tests.test_matchmaker_v2.TestHealthAndAuth" name="test_user_login" time="0.373" /><testcase classname="backend.tests.test_matchmaker_v2.TestWalletEndpoints" name="test_get_wallet" time="0.430" /><testcase classname="backend.tests.test_matchmaker_v2.TestWalletEndpoints" name="test_wallet_topup_credits" time="0.448" /><testcase classname="backend.tests.test_matchmaker_v2.TestWalletEndpoints" name="test_wallet_topup_tokens" time="0.476" /><testcase classname="backend.tests.test_matchmaker_v2.TestWalletEndpoints" name="test_wallet_topup_invalid_type" time="0.431" /><testcase classname="backend.tests.test_matchmaker_v2.TestWalletEndpoints" name="test_wallet_topup_zero_amount" time="0.401" /><testcase classname="backend.tests.test_matchmaker_v2.TestIssuerRegistration" name="test_get_issuer_profile" time="0.439" /><testcase classname="backend.tests.test_matchmaker_v2.TestIssuerRegistration" name="test_cin_regex_validation" time="0.401" /><testcase classname="backend.tests.test_matchmaker_v2.TestIssuerRegistration" name="test_gstin_regex_validation" time="0.431" /><testcase classname="backend.tests.test_matchmaker_v2.TestIssuerRegistration" name="test_listing_intent_validation" time="0.391" /><testcase classname="backend.tests.test_matchmaker_v2.TestIssuerRegistration" name="test_contact_persona_validation" time="0.384" /><testcase classname="backend.tests.test_matchmaker_v2.TestIssuerDashboard" name="test_get_issuer_dashboard" time="0.398" /><testcase classname="backend.tests.test_matchmaker_v2.TestExpertDashboard" name="test_get_expert_dashboard" time="0.443" /><testcase classname="backend.tests.test_matchmaker_v2.TestConnectionEndpoints" name="test_get_connections" time="0.468" /><testcase classname="backend.tests.test_matchmaker_v2.TestIssuerLeads" name="test_get_issuer_leads" time="0.388" /><testcase classname="backend.tests.test_matchmaker_v2.TestRegexPatterns" name="test_valid_cin_patterns" time="0.001" /><testcase classname="backend.tests.test_matchmaker_v2.TestRegexPatterns" name="test_invalid_cin_patterns" time="0.000" /><testcase classname="backend.tests.test_matchmaker_v2.TestRegexPatterns" name="test_valid_gstin_patterns" time="0.000" /><testcase classname="backend.tests.test_matchmaker_v2.TestRegexPatterns" name="test_invalid_gstin_patterns" time="0.000" /></testsuite></testsuites>