<?xml version="1.0" encoding="utf-8"?><testsuites name="pytest tests"><testsuite name="pytest" errors="0" failures="0" skipped="0" tests="14" time="26.414" timestamp="2026-05-10T08:06:44.468499+00:00" hostname="agent-env-b13f55e7-3861-4106-90d4-68d3bd414390"><testcase classname="backend.tests.test_oracle" name="test_threads_requires_auth" time="0.238" /><testcase classname="backend.tests.test_oracle" name="test_chat_requires_auth" time="0.142" /><testcase classname="backend.tests.test_oracle" name="test_general_chat_response_shape" time="5.540" /><testcase classname="backend.tests.test_oracle" name="test_chat_multi_turn_same_thread" time="4.346" /><testcase classname="backend.tests.test_oracle" name="test_chat_empty_query_rejected" time="0.049" /><testcase classname="backend.tests.test_oracle" name="test_threads_buckets" time="0.045" /><testcase classname="backend.tests.test_oracle" name="test_get_thread_messages" time="0.046" /><testcase classname="backend.tests.test_oracle" name="test_patch_thread_rename_and_pin" time="0.154" /><testcase classname="backend.tests.test_oracle" name="test_bookmark_lifecycle" time="0.193" /><testcase classname="backend.tests.test_oracle" name="test_memory_endpoint_returns_facts" time="6.051" /><testcase classname="backend.tests.test_oracle" name="test_drhp_chat_without_upload_400" time="0.051" /><testcase classname="backend.tests.test_oracle" name="test_drhp_upload_and_chat" time="7.677" /><testcase classname="backend.tests.test_oracle" name="test_source_grading_logic" time="1.671" /><testcase classname="backend.tests.test_oracle" name="test_zz_delete_thread" time="0.134" /></testsuite></testsuites>