<?xml version="1.0" encoding="utf-8"?><testsuites name="pytest tests"><testsuite name="pytest" errors="0" failures="0" skipped="0" tests="16" time="39.232" timestamp="2026-05-01T07:03:15.692719+00:00" hostname="agent-env-9fcab529-8b3a-4385-a015-236a583811ec"><testcase classname="backend.tests.test_payments_module.TestPublicEndpoints" name="test_plans" time="0.238" /><testcase classname="backend.tests.test_payments_module.TestPublicEndpoints" name="test_config" time="0.047" /><testcase classname="backend.tests.test_payments_module.TestAuthEnforcement" name="test_create_order_requires_auth" time="0.046" /><testcase classname="backend.tests.test_payments_module.TestAuthEnforcement" name="test_transactions_requires_auth" time="0.045" /><testcase classname="backend.tests.test_payments_module.TestAuthEnforcement" name="test_invoice_requires_auth" time="0.047" /><testcase classname="backend.tests.test_payments_module.TestCreateOrder" name="test_create_order_intra_state_maharashtra" time="37.120" /><testcase classname="backend.tests.test_payments_module.TestCreateOrder" name="test_create_order_custom_amount_inter_state_karnataka" time="0.344" /><testcase classname="backend.tests.test_payments_module.TestCreateOrder" name="test_invalid_plan_id" time="0.122" /><testcase classname="backend.tests.test_payments_module.TestCreateOrder" name="test_custom_amount_too_low" time="0.051" /><testcase classname="backend.tests.test_payments_module.TestCreateOrder" name="test_custom_amount_too_high" time="0.049" /><testcase classname="backend.tests.test_payments_module.TestCreateOrder" name="test_no_plan_or_amount" time="0.050" /><testcase classname="backend.tests.test_payments_module.TestVerify" name="test_bad_signature_rejected" time="0.499" /><testcase classname="backend.tests.test_payments_module.TestInvoiceAndTransactions" name="test_transactions_list_includes_paid" time="0.070" /><testcase classname="backend.tests.test_payments_module.TestInvoiceAndTransactions" name="test_invoice_pdf_download" time="0.269" /><testcase classname="backend.tests.test_payments_module.TestInvoiceAndTransactions" name="test_invoice_not_found" time="0.052" /><testcase classname="backend.tests.test_payments_module.TestInvoiceAndTransactions" name="test_invoice_not_paid" time="0.056" /></testsuite></testsuites>