<?xml version="1.0" encoding="utf-8"?><testsuites name="pytest tests"><testsuite name="pytest" errors="0" failures="0" skipped="0" tests="17" time="16.392" timestamp="2026-03-15T11:03:34.649431+00:00" hostname="agent-env-bd57e8f5-470c-48de-8b22-7a08a8b9a264"><testcase classname="backend.tests.test_professional_registration.TestProfessionalRegistration" name="test_auth_me_endpoint" time="0.894" /><testcase classname="backend.tests.test_professional_registration.TestProfessionalRegistration" name="test_get_categories" time="0.853" /><testcase classname="backend.tests.test_professional_registration.TestProfessionalRegistration" name="test_get_cities" time="0.867" /><testcase classname="backend.tests.test_professional_registration.TestProfessionalRegistration" name="test_get_expertise_tags" time="0.861" /><testcase classname="backend.tests.test_professional_registration.TestProfessionalRegistration" name="test_save_draft" time="1.032" /><testcase classname="backend.tests.test_professional_registration.TestProfessionalRegistration" name="test_update_draft" time="1.045" /><testcase classname="backend.tests.test_professional_registration.TestProfessionalRegistration" name="test_get_user_draft" time="1.023" /><testcase classname="backend.tests.test_professional_registration.TestProfessionalRegistration" name="test_create_professional_ipo_consultant" time="0.900" /><testcase classname="backend.tests.test_professional_registration.TestProfessionalRegistration" name="test_create_professional_merchant_banker" time="0.844" /><testcase classname="backend.tests.test_professional_registration.TestProfessionalRegistration" name="test_create_professional_chartered_accountant" time="0.801" /><testcase classname="backend.tests.test_professional_registration.TestProfessionalRegistration" name="test_create_professional_company_secretary" time="0.859" /><testcase classname="backend.tests.test_professional_registration.TestProfessionalRegistration" name="test_create_professional_legal_tax" time="0.891" /><testcase classname="backend.tests.test_professional_registration.TestProfessionalRegistration" name="test_get_all_professionals" time="0.922" /><testcase classname="backend.tests.test_professional_registration.TestProfessionalRegistration" name="test_get_all_professionals_with_category_filter" time="0.916" /><testcase classname="backend.tests.test_professional_registration.TestProfessionalRegistration" name="test_get_all_professionals_with_city_filter" time="0.900" /><testcase classname="backend.tests.test_professional_registration.TestProfessionalRegistration" name="test_validation_missing_required_fields" time="0.849" /><testcase classname="backend.tests.test_professional_registration.TestProfessionalRegistration" name="test_draft_not_found_for_new_user" time="1.867" /></testsuite></testsuites>