<?xml version="1.0" encoding="utf-8"?><testsuites name="pytest tests"><testsuite name="pytest" errors="0" failures="0" skipped="0" tests="16" time="5.535" timestamp="2026-04-16T17:52:34.840883+00:00" hostname="agent-env-ef201450-e8c2-457f-9b75-e9ba9d68bb23"><testcase classname="backend.tests.test_rbac_admin_module.TestHealthCheck" name="test_health_endpoint" time="0.153" /><testcase classname="backend.tests.test_rbac_admin_module.TestAdminLogin" name="test_admin_login_success" time="0.374" /><testcase classname="backend.tests.test_rbac_admin_module.TestAdminLogin" name="test_admin_login_wrong_password" time="0.339" /><testcase classname="backend.tests.test_rbac_admin_module.TestAdminLogin" name="test_admin_login_wrong_email" time="0.130" /><testcase classname="backend.tests.test_rbac_admin_module.TestAdminLogin" name="test_admin_login_non_admin_user" time="0.123" /><testcase classname="backend.tests.test_rbac_admin_module.TestRegularUserLogin" name="test_regular_user_login" time="0.347" /><testcase classname="backend.tests.test_rbac_admin_module.TestRegularUserLogin" name="test_auth_me_returns_module_permissions" time="0.394" /><testcase classname="backend.tests.test_rbac_admin_module.TestRegularUserLogin" name="test_auth_me_returns_is_admin" time="0.403" /><testcase classname="backend.tests.test_rbac_admin_module.TestAdminUserManagement" name="test_get_admin_users_list" time="0.499" /><testcase classname="backend.tests.test_rbac_admin_module.TestAdminUserManagement" name="test_get_user_permissions" time="0.455" /><testcase classname="backend.tests.test_rbac_admin_module.TestAdminUserManagement" name="test_update_user_permissions" time="0.548" /><testcase classname="backend.tests.test_rbac_admin_module.TestModuleAccessEnforcement" name="test_regular_user_default_permissions" time="0.398" /><testcase classname="backend.tests.test_rbac_admin_module.TestModuleAccessEnforcement" name="test_admin_user_has_all_permissions" time="0.383" /><testcase classname="backend.tests.test_rbac_admin_module.TestAdminEndpointSecurity" name="test_regular_user_cannot_access_admin_users" time="0.386" /><testcase classname="backend.tests.test_rbac_admin_module.TestAdminEndpointSecurity" name="test_regular_user_cannot_update_permissions" time="0.397" /><testcase classname="backend.tests.test_rbac_admin_module.TestAdminEndpointSecurity" name="test_unauthenticated_cannot_access_admin_endpoints" time="0.142" /></testsuite></testsuites>