<?xml version="1.0" encoding="utf-8"?><testsuites name="pytest tests"><testsuite name="pytest" errors="0" failures="0" skipped="0" tests="34" time="3.226" timestamp="2026-04-24T11:32:43.406688+00:00" hostname="agent-env-d72051f5-149b-449a-b27a-643ccb5149db"><testcase classname="backend.tests.test_refactor_endpoints.TestHealth" name="test_health" time="0.160" /><testcase classname="backend.tests.test_refactor_endpoints.TestAuth" name="test_login_returns_session_token" time="0.276" /><testcase classname="backend.tests.test_refactor_endpoints.TestAuth" name="test_me_returns_user" time="0.323" /><testcase classname="backend.tests.test_refactor_endpoints.TestAuth" name="test_me_unauthenticated" time="0.107" /><testcase classname="backend.tests.test_refactor_endpoints.TestProjects" name="test_list_projects" time="0.050" /><testcase classname="backend.tests.test_refactor_endpoints.TestProjects" name="test_projects_requires_auth" time="0.113" /><testcase classname="backend.tests.test_refactor_endpoints.TestMatchmaker" name="test_categories_returns_15" time="0.046" /><testcase classname="backend.tests.test_refactor_endpoints.TestMatchmaker" name="test_cities" time="0.050" /><testcase classname="backend.tests.test_refactor_endpoints.TestMatchmaker" name="test_professionals_public_search" time="0.245" /><testcase classname="backend.tests.test_refactor_endpoints.TestMatchmaker" name="test_statistics_authenticated" time="0.050" /><testcase classname="backend.tests.test_refactor_endpoints.TestFunding" name="test_pre_ipo_options_returns_6" time="0.048" /><testcase classname="backend.tests.test_refactor_endpoints.TestFunding" name="test_post_ipo_options" time="0.048" /><testcase classname="backend.tests.test_refactor_endpoints.TestFunding" name="test_partners" time="0.046" /><testcase classname="backend.tests.test_refactor_endpoints.TestFunding" name="test_quiz_questions" time="0.045" /><testcase classname="backend.tests.test_refactor_endpoints.TestAssessment" name="test_history_authenticated" time="0.051" /><testcase classname="backend.tests.test_refactor_endpoints.TestAdmin" name="test_roles" time="0.320" /><testcase classname="backend.tests.test_refactor_endpoints.TestAdmin" name="test_users" time="0.051" /><testcase classname="backend.tests.test_refactor_endpoints.TestAdmin" name="test_pending_registrations" time="0.047" /><testcase classname="backend.tests.test_refactor_endpoints.TestAdmin" name="test_registration_stats" time="0.047" /><testcase classname="backend.tests.test_refactor_endpoints.TestAdmin" name="test_audit_logs" time="0.057" /><testcase classname="backend.tests.test_refactor_endpoints.TestAdmin" name="test_admin_rejects_regular_user" time="0.110" /><testcase classname="backend.tests.test_refactor_endpoints.TestAdmin" name="test_admin_rejects_unauthenticated" time="0.105" /><testcase classname="backend.tests.test_refactor_endpoints.TestAccount" name="test_profile" time="0.048" /><testcase classname="backend.tests.test_refactor_endpoints.TestAccount" name="test_subscription" time="0.047" /><testcase classname="backend.tests.test_refactor_endpoints.TestAccount" name="test_subscription_plans_returns_4" time="0.044" /><testcase classname="backend.tests.test_refactor_endpoints.TestMarket" name="test_indices_returns_18" time="0.045" /><testcase classname="backend.tests.test_refactor_endpoints.TestMarket" name="test_industries" time="0.047" /><testcase classname="backend.tests.test_refactor_endpoints.TestValuation" name="test_projects_authenticated" time="0.049" /><testcase classname="backend.tests.test_refactor_endpoints.TestValuation" name="test_projects_requires_auth" time="0.101" /><testcase classname="backend.tests.test_refactor_endpoints.TestCareers" name="test_positions" time="0.046" /><testcase classname="backend.tests.test_refactor_endpoints.TestContact" name="test_leads_admin_only" time="0.049" /><testcase classname="backend.tests.test_refactor_endpoints.TestContact" name="test_leads_regular_user_rejected" time="0.102" /><testcase classname="backend.tests.test_refactor_endpoints.TestContact" name="test_create_lead_no_auth" time="0.111" /><testcase classname="backend.tests.test_refactor_endpoints.TestMisc" name="test_upload_requirements" time="0.047" /></testsuite></testsuites>