<?xml version="1.0" encoding="utf-8"?><testsuites name="pytest tests"><testsuite name="pytest" errors="0" failures="0" skipped="0" tests="16" time="16.583" timestamp="2026-04-15T11:54:37.575152+00:00" hostname="agent-env-b936e797-4686-4109-8fc2-73f5a92de48e"><testcase classname="backend.tests.test_valuation_upload_extract.TestValuationUploadExtract" name="test_01_create_valuation_project" time="0.480" /><testcase classname="backend.tests.test_valuation_upload_extract.TestValuationUploadExtract" name="test_02_update_company_profile" time="0.108" /><testcase classname="backend.tests.test_valuation_upload_extract.TestValuationUploadExtract" name="test_03_upload_excel_document" time="0.111" /><testcase classname="backend.tests.test_valuation_upload_extract.TestValuationUploadExtract" name="test_04_verify_document_in_project" time="0.107" /><testcase classname="backend.tests.test_valuation_upload_extract.TestValuationUploadExtract" name="test_05_extract_financial_data_with_ai" time="7.236" /><testcase classname="backend.tests.test_valuation_upload_extract.TestValuationUploadExtract" name="test_06_extract_without_documents_fails" time="0.353" /><testcase classname="backend.tests.test_valuation_upload_extract.TestValuationUploadExtract" name="test_07_upload_invalid_file_type_rejected" time="0.123" /><testcase classname="backend.tests.test_valuation_upload_extract.TestValuationUploadExtract" name="test_08_upload_csv_document" time="0.105" /><testcase classname="backend.tests.test_valuation_upload_extract.TestValuationUploadExtract" name="test_09_upload_requires_auth" time="0.228" /><testcase classname="backend.tests.test_valuation_upload_extract.TestValuationUploadExtract" name="test_10_extract_requires_auth" time="0.104" /><testcase classname="backend.tests.test_valuation_upload_extract.TestValuationUploadExtract" name="test_11_upload_to_nonexistent_project_fails" time="0.105" /><testcase classname="backend.tests.test_valuation_upload_extract.TestValuationUploadExtract" name="test_12_full_e2e_flow" time="6.351" /><testcase classname="backend.tests.test_valuation_upload_extract.TestValuationUploadExtract" name="test_13_cleanup_test_project" time="0.102" /><testcase classname="backend.tests.test_valuation_upload_extract.TestRegressionValuationModule" name="test_regression_create_project" time="0.217" /><testcase classname="backend.tests.test_valuation_upload_extract.TestRegressionValuationModule" name="test_regression_list_projects" time="0.113" /><testcase classname="backend.tests.test_valuation_upload_extract.TestRegressionValuationModule" name="test_regression_update_project" time="0.662" /></testsuite></testsuites>