<?xml version="1.0" encoding="utf-8"?><testsuites name="pytest tests"><testsuite name="pytest" errors="0" failures="0" skipped="0" tests="18" time="55.112" timestamp="2026-04-15T11:40:25.205469+00:00" hostname="agent-env-b936e797-4686-4109-8fc2-73f5a92de48e"><testcase classname="tests.test_valuation_module.TestValuationEngine" name="test_dcf_valuation_calculation" time="0.001" /><testcase classname="tests.test_valuation_module.TestValuationEngine" name="test_nav_valuation_calculation" time="0.000" /><testcase classname="tests.test_valuation_module.TestValuationEngine" name="test_comparable_valuation_calculation" time="0.000" /><testcase classname="tests.test_valuation_module.TestValuationEngine" name="test_ddm_valuation_with_dividends" time="0.000" /><testcase classname="tests.test_valuation_module.TestValuationEngine" name="test_ddm_valuation_no_dividends" time="0.000" /><testcase classname="tests.test_valuation_module.TestValuationEngine" name="test_financial_ratios_calculation" time="0.000" /><testcase classname="tests.test_valuation_module.TestValuationEngine" name="test_weighted_valuation_calculation" time="0.000" /><testcase classname="tests.test_valuation_module.TestValuationAPIEndpoints" name="test_01_create_valuation_project" time="0.915" /><testcase classname="tests.test_valuation_module.TestValuationAPIEndpoints" name="test_02_list_valuation_projects" time="0.109" /><testcase classname="tests.test_valuation_module.TestValuationAPIEndpoints" name="test_03_get_valuation_project" time="0.158" /><testcase classname="tests.test_valuation_module.TestValuationAPIEndpoints" name="test_04_update_valuation_project_step1" time="0.155" /><testcase classname="tests.test_valuation_module.TestValuationAPIEndpoints" name="test_05_update_valuation_project_step2" time="0.114" /><testcase classname="tests.test_valuation_module.TestValuationAPIEndpoints" name="test_06_update_valuation_project_step3" time="0.151" /><testcase classname="tests.test_valuation_module.TestValuationAPIEndpoints" name="test_07_run_valuation_calculation" time="52.814" /><testcase classname="tests.test_valuation_module.TestValuationAPIEndpoints" name="test_08_verify_completed_project" time="0.146" /><testcase classname="tests.test_valuation_module.TestValuationAPIEndpoints" name="test_09_delete_valuation_project" time="0.112" /><testcase classname="tests.test_valuation_module.TestValuationAPIEndpoints" name="test_10_verify_deletion" time="0.104" /><testcase classname="tests.test_valuation_module.TestValuationAPIAuth" name="test_endpoints_require_auth" time="0.251" /></testsuite></testsuites>